<?xml version="1.0" encoding="UTF-8"?>
<testsuite xmlns:xsi="http://www.w3.org/2001/XMLSchema-instance" xsi:noNamespaceSchemaLocation="https://maven.apache.org/surefire/maven-surefire-plugin/xsd/surefire-test-report-3.0.xsd" version="3.0" name="com.example.fetchReceiptprocessor.FetchReceiptprocessorApplicationTests" time="1.126" tests="1" errors="0" skipped="0" failures="0">
  <properties>
[...]
</properties>
  <testcase name="contextLoads" classname="com.example.fetchReceiptprocessor.FetchReceiptprocessorApplicationTests" time="0.41">
    <system-out><![CDATA[22:42:04.521 [main] INFO org.springframework.test.context.support.AnnotationConfigContextLoaderUtils -- Could not detect default configuration classes for test class [com.example.fetchReceiptprocessor.FetchReceiptprocessorApplicationTests]: FetchReceiptprocessorApplicationTests does not declare any static, non-private, non-final, nested classes annotated with @Configuration.
22:42:04.562 [main] INFO org.springframework.boot.test.context.SpringBootTestContextBootstrapper -- Found @SpringBootConfiguration com.example.fetchReceiptprocessor.FetchReceiptprocessorApplication for test class com.example.fetchReceiptprocessor.FetchReceiptprocessorApplicationTests

  .   ____          _            __ _ _
 /\\ / ___'_ __ _ _(_)_ __  __ _ \ \ \ \
( ( )\___ | '_ | '_| | '_ \/ _` | \ \ \ \
 \\/  ___)| |_)| | | | | || (_| |  ) ) ) )
  '  |____| .__|_| |_|_| |_\__, | / / / /
 =========|_|==============|___/=/_/_/_/

 :: Spring Boot ::                (v3.3.5)

2024-11-08T22:42:04.731-05:00  INFO 9819 --- [fetchReceiptprocessor] [           main] .f.FetchReceiptprocessorApplicationTests : Starting FetchReceiptprocessorApplicationTests using Java 22.0.2 with PID 9819 (started by premsai in /Users/premsai/Downloads/fetchReceiptprocessor 2)
2024-11-08T22:42:04.732-05:00  INFO 9819 --- [fetchReceiptprocessor] [           main] .f.FetchReceiptprocessorApplicationTests : No active profile set, falling back to 1 default profile: "default"
2024-11-08T22:42:05.154-05:00  INFO 9819 --- [fetchReceiptprocessor] [           main] .f.FetchReceiptprocessorApplicationTests : Started FetchReceiptprocessorApplicationTests in 0.541 seconds (process running for 0.907)
]]></system-out>
    <system-err><![CDATA[WARNING: A Java agent has been loaded dynamically (/Users/premsai/.m2/repository/net/bytebuddy/byte-buddy-agent/1.14.19/byte-buddy-agent-1.14.19.jar)
WARNING: If a serviceability tool is in use, please run with -XX:+EnableDynamicAgentLoading to hide this warning
WARNING: If a serviceability tool is not in use, please run with -Djdk.instrument.traceUsage for more information
WARNING: Dynamic loading of agents will be disallowed by default in a future release
]]></system-err>
  </testcase>
</testsuite>